<?xml version="1.0" encoding="UTF-8"?>
<!-- Generated by org.testng.reporters.JUnitReportReporter -->
<testsuite hostname="DESKTOP-MQ57DD3" failures="0" tests="1" name="qaautomation.tugas4jully.AppTest" time="0.030" errors="0" timestamp="30 Jul 2022 09:10:14 GMT" skipped="0">
  <testcase classname="qaautomation.tugas4jully.AppTest" name="shouldAnswerWithTrue" time="0.030"/>
</testsuite> <!-- qaautomation.tugas4jully.AppTest -->
