<?xml version="1.0" encoding="UTF-8"?>
<!-- Generated by org.testng.reporters.JUnitReportReporter -->
<testsuite hostname="DESKTOP-MQ57DD3" failures="0" tests="1" name="qaautomation.tugas4jully.WebTestPOM" time="25.428" errors="0" timestamp="30 Jul 2022 08:46:26 GMT" skipped="0">
  <testcase classname="qaautomation.tugas4jully.WebTestPOM" name="testxLogin" time="25.428"/>
</testsuite> <!-- qaautomation.tugas4jully.WebTestPOM -->
