<?xml version="1.0" encoding="UTF-8"?>
<!-- Generated by org.testng.reporters.JUnitReportReporter -->
<testsuite hostname="DESKTOP-MQ57DD3" failures="0" tests="1" name="qaautomation.tugas4jully.WebTest" time="5.440" errors="0" timestamp="25 Jul 2022 02:34:01 GMT" skipped="0">
  <testcase classname="qaautomation.tugas4jully.WebTest" name="TestLogin" time="5.440"/>
</testsuite> <!-- qaautomation.tugas4jully.WebTest -->
